-- Found ament_cmake: 1.3.12 (/opt/ros/humble/share/ament_cmake/cmake)
-- Found rclcpp: 16.0.14 (/opt/ros/humble/share/rclcpp/cmake)
-- Found rosidl_generator_c: 3.1.7 (/opt/ros/humble/share/rosidl_generator_c/cmake)
-- Found rosidl_adapter: 3.1.7 (/opt/ros/humble/share/rosidl_adapter/cmake)
-- Found rosidl_generator_cpp: 3.1.7 (/opt/ros/humble/share/rosidl_generator_cpp/cmake)
-- Using all available rosidl_typesupport_c: rosidl_typesupport_fastrtps_c;rosidl_typesupport_introspection_c
-- Using all available rosidl_typesupport_cpp: rosidl_typesupport_fastrtps_cpp;rosidl_typesupport_introspection_cpp
-- Found rmw_implementation_cmake: 6.1.2 (/opt/ros/humble/share/rmw_implementation_cmake/cmake)
-- Found rmw_fastrtps_cpp: 6.2.8 (/opt/ros/humble/share/rmw_fastrtps_cpp/cmake)
-- Using RMW implementation 'rmw_fastrtps_cpp' as default
-- Found ament_lint_auto: 0.12.14 (/opt/ros/humble/share/ament_lint_auto/cmake)
-- Added test 'cppcheck' to perform static code analysis on C / C++ code
-- Configured cppcheck include dirs: 
-- Configured cppcheck exclude dirs and/or files: 
-- Added test 'flake8' to check Python code syntax and style conventions
-- Added test 'lint_cmake' to check CMake code style
-- Added test 'pep257' to check Python code against some of the docstring style conventions in PEP 257
-- Added test 'uncrustify' to check C / C++ code style
-- Configured uncrustify additional arguments: 
-- Added test 'xmllint' to check XML markup files
-- Configuring done (0.4s)
-- Generating done (0.0s)
-- Build files have been written to: /home/sensen/Workspaces/ros2_cpp_ws/src/calculate_robot_speed/build/calculate_robot_speed
[ 50%] [32mBuilding CXX object CMakeFiles/rpm_publisher.dir/src/rpm_publisher.cpp.o[0m
[100%] [1m[32mLinking CXX executable rpm_publisher[0m
[100%] [0mBuilt target rpm_publisher[0m
-- Install configuration: ""
-- Installing: /home/sensen/Workspaces/ros2_cpp_ws/src/calculate_robot_speed/install/calculate_robot_speed/lib/calculate_robot_speed/rpm_publisher
-- Set non-toolchain portion of runtime path of "/home/sensen/Workspaces/ros2_cpp_ws/src/calculate_robot_speed/install/calculate_robot_speed/lib/calculate_robot_speed/rpm_publisher" to ""
-- Installing: /home/sensen/Workspaces/ros2_cpp_ws/src/calculate_robot_speed/install/calculate_robot_speed/share/ament_index/resource_index/package_run_dependencies/calculate_robot_speed
-- Installing: /home/sensen/Workspaces/ros2_cpp_ws/src/calculate_robot_speed/install/calculate_robot_speed/share/ament_index/resource_index/parent_prefix_path/calculate_robot_speed
-- Installing: /home/sensen/Workspaces/ros2_cpp_ws/src/calculate_robot_speed/install/calculate_robot_speed/share/calculate_robot_speed/environment/ament_prefix_path.sh
-- Installing: /home/sensen/Workspaces/ros2_cpp_ws/src/calculate_robot_speed/install/calculate_robot_speed/share/calculate_robot_speed/environment/ament_prefix_path.dsv
-- Installing: /home/sensen/Workspaces/ros2_cpp_ws/src/calculate_robot_speed/install/calculate_robot_speed/share/calculate_robot_speed/environment/path.sh
-- Installing: /home/sensen/Workspaces/ros2_cpp_ws/src/calculate_robot_speed/install/calculate_robot_speed/share/calculate_robot_speed/environment/path.dsv
-- Installing: /home/sensen/Workspaces/ros2_cpp_ws/src/calculate_robot_speed/install/calculate_robot_speed/share/calculate_robot_speed/local_setup.bash
-- Installing: /home/sensen/Workspaces/ros2_cpp_ws/src/calculate_robot_speed/install/calculate_robot_speed/share/calculate_robot_speed/local_setup.sh
-- Installing: /home/sensen/Workspaces/ros2_cpp_ws/src/calculate_robot_speed/install/calculate_robot_speed/share/calculate_robot_speed/local_setup.zsh
-- Installing: /home/sensen/Workspaces/ros2_cpp_ws/src/calculate_robot_speed/install/calculate_robot_speed/share/calculate_robot_speed/local_setup.dsv
-- Installing: /home/sensen/Workspaces/ros2_cpp_ws/src/calculate_robot_speed/install/calculate_robot_speed/share/calculate_robot_speed/package.dsv
-- Installing: /home/sensen/Workspaces/ros2_cpp_ws/src/calculate_robot_speed/install/calculate_robot_speed/share/ament_index/resource_index/packages/calculate_robot_speed
-- Installing: /home/sensen/Workspaces/ros2_cpp_ws/src/calculate_robot_speed/install/calculate_robot_speed/share/calculate_robot_speed/cmake/calculate_robot_speedConfig.cmake
-- Installing: /home/sensen/Workspaces/ros2_cpp_ws/src/calculate_robot_speed/install/calculate_robot_speed/share/calculate_robot_speed/cmake/calculate_robot_speedConfig-version.cmake
-- Installing: /home/sensen/Workspaces/ros2_cpp_ws/src/calculate_robot_speed/install/calculate_robot_speed/share/calculate_robot_speed/package.xml
