[0.007s] Invoking command in '/home/sensen/Workspaces/ros2_cpp_ws/src/calculate_robot_speed/build/calculate_robot_speed': CMAKE_PREFIX_PATH=${CMAKE_PREFIX_PATH}:/opt/ros/humble /usr/bin/cmake --build /home/sensen/Workspaces/ros2_cpp_ws/src/calculate_robot_speed/build/calculate_robot_speed -- -j16 -l16
[0.015s] [0mCMake Deprecation Warning at CMakeLists.txt:1 (cmake_minimum_required):
[0.015s]   Compatibility with CMake < 3.10 will be removed from a future version of
[0.015s]   CMake.
[0.015s] 
[0.015s]   Update the VERSION argument <min> value.  Or, use the <min>...<max> syntax
[0.015s]   to tell CMake that the project requires at least <min> but has been updated
[0.015s]   to work with policies introduced by <max> or earlier.
[0.015s] 
[0.015s] [0m
[0.020s] -- Found ament_cmake: 1.3.12 (/opt/ros/humble/share/ament_cmake/cmake)
[0.180s] -- Found rclcpp: 16.0.14 (/opt/ros/humble/share/rclcpp/cmake)
[0.202s] -- Found rosidl_generator_c: 3.1.7 (/opt/ros/humble/share/rosidl_generator_c/cmake)
[0.203s] -- Found rosidl_adapter: 3.1.7 (/opt/ros/humble/share/rosidl_adapter/cmake)
[0.208s] -- Found rosidl_generator_cpp: 3.1.7 (/opt/ros/humble/share/rosidl_generator_cpp/cmake)
[0.214s] -- Using all available rosidl_typesupport_c: rosidl_typesupport_fastrtps_c;rosidl_typesupport_introspection_c
[0.224s] -- Using all available rosidl_typesupport_cpp: rosidl_typesupport_fastrtps_cpp;rosidl_typesupport_introspection_cpp
[0.251s] -- Found rmw_implementation_cmake: 6.1.2 (/opt/ros/humble/share/rmw_implementation_cmake/cmake)
[0.252s] -- Found rmw_fastrtps_cpp: 6.2.8 (/opt/ros/humble/share/rmw_fastrtps_cpp/cmake)
[0.329s] -- Using RMW implementation 'rmw_fastrtps_cpp' as default
[0.374s] -- Found ament_lint_auto: 0.12.14 (/opt/ros/humble/share/ament_lint_auto/cmake)
[0.428s] -- Added test 'cppcheck' to perform static code analysis on C / C++ code
[0.428s] -- Configured cppcheck include dirs: 
[0.429s] -- Configured cppcheck exclude dirs and/or files: 
[0.430s] -- Added test 'flake8' to check Python code syntax and style conventions
[0.432s] -- Added test 'lint_cmake' to check CMake code style
[0.433s] -- Added test 'pep257' to check Python code against some of the docstring style conventions in PEP 257
[0.438s] -- Added test 'uncrustify' to check C / C++ code style
[0.438s] -- Configured uncrustify additional arguments: 
[0.439s] -- Added test 'xmllint' to check XML markup files
[0.440s] -- Configuring done (0.4s)
[0.451s] -- Generating done (0.0s)
[0.453s] -- Build files have been written to: /home/sensen/Workspaces/ros2_cpp_ws/src/calculate_robot_speed/build/calculate_robot_speed
[0.473s] [ 50%] [32mBuilding CXX object CMakeFiles/rpm_publisher.dir/src/rpm_publisher.cpp.o[0m
[3.188s] [100%] [1m[32mLinking CXX executable rpm_publisher[0m
[3.285s] [100%] [0mBuilt target rpm_publisher[0m
[3.290s] Invoked command in '/home/sensen/Workspaces/ros2_cpp_ws/src/calculate_robot_speed/build/calculate_robot_speed' returned '0': CMAKE_PREFIX_PATH=${CMAKE_PREFIX_PATH}:/opt/ros/humble /usr/bin/cmake --build /home/sensen/Workspaces/ros2_cpp_ws/src/calculate_robot_speed/build/calculate_robot_speed -- -j16 -l16
[3.293s] Invoking command in '/home/sensen/Workspaces/ros2_cpp_ws/src/calculate_robot_speed/build/calculate_robot_speed': CMAKE_PREFIX_PATH=${CMAKE_PREFIX_PATH}:/opt/ros/humble /usr/bin/cmake --install /home/sensen/Workspaces/ros2_cpp_ws/src/calculate_robot_speed/build/calculate_robot_speed
[3.295s] -- Install configuration: ""
[3.295s] -- Installing: /home/sensen/Workspaces/ros2_cpp_ws/src/calculate_robot_speed/install/calculate_robot_speed/lib/calculate_robot_speed/rpm_publisher
[3.296s] -- Set non-toolchain portion of runtime path of "/home/sensen/Workspaces/ros2_cpp_ws/src/calculate_robot_speed/install/calculate_robot_speed/lib/calculate_robot_speed/rpm_publisher" to ""
[3.296s] -- Installing: /home/sensen/Workspaces/ros2_cpp_ws/src/calculate_robot_speed/install/calculate_robot_speed/share/ament_index/resource_index/package_run_dependencies/calculate_robot_speed
[3.296s] -- Installing: /home/sensen/Workspaces/ros2_cpp_ws/src/calculate_robot_speed/install/calculate_robot_speed/share/ament_index/resource_index/parent_prefix_path/calculate_robot_speed
[3.296s] -- Installing: /home/sensen/Workspaces/ros2_cpp_ws/src/calculate_robot_speed/install/calculate_robot_speed/share/calculate_robot_speed/environment/ament_prefix_path.sh
[3.296s] -- Installing: /home/sensen/Workspaces/ros2_cpp_ws/src/calculate_robot_speed/install/calculate_robot_speed/share/calculate_robot_speed/environment/ament_prefix_path.dsv
[3.296s] -- Installing: /home/sensen/Workspaces/ros2_cpp_ws/src/calculate_robot_speed/install/calculate_robot_speed/share/calculate_robot_speed/environment/path.sh
[3.296s] -- Installing: /home/sensen/Workspaces/ros2_cpp_ws/src/calculate_robot_speed/install/calculate_robot_speed/share/calculate_robot_speed/environment/path.dsv
[3.296s] -- Installing: /home/sensen/Workspaces/ros2_cpp_ws/src/calculate_robot_speed/install/calculate_robot_speed/share/calculate_robot_speed/local_setup.bash
[3.296s] -- Installing: /home/sensen/Workspaces/ros2_cpp_ws/src/calculate_robot_speed/install/calculate_robot_speed/share/calculate_robot_speed/local_setup.sh
[3.297s] -- Installing: /home/sensen/Workspaces/ros2_cpp_ws/src/calculate_robot_speed/install/calculate_robot_speed/share/calculate_robot_speed/local_setup.zsh
[3.297s] -- Installing: /home/sensen/Workspaces/ros2_cpp_ws/src/calculate_robot_speed/install/calculate_robot_speed/share/calculate_robot_speed/local_setup.dsv
[3.297s] -- Installing: /home/sensen/Workspaces/ros2_cpp_ws/src/calculate_robot_speed/install/calculate_robot_speed/share/calculate_robot_speed/package.dsv
[3.297s] -- Installing: /home/sensen/Workspaces/ros2_cpp_ws/src/calculate_robot_speed/install/calculate_robot_speed/share/ament_index/resource_index/packages/calculate_robot_speed
[3.297s] -- Installing: /home/sensen/Workspaces/ros2_cpp_ws/src/calculate_robot_speed/install/calculate_robot_speed/share/calculate_robot_speed/cmake/calculate_robot_speedConfig.cmake
[3.297s] -- Installing: /home/sensen/Workspaces/ros2_cpp_ws/src/calculate_robot_speed/install/calculate_robot_speed/share/calculate_robot_speed/cmake/calculate_robot_speedConfig-version.cmake
[3.297s] -- Installing: /home/sensen/Workspaces/ros2_cpp_ws/src/calculate_robot_speed/install/calculate_robot_speed/share/calculate_robot_speed/package.xml
[3.298s] Invoked command in '/home/sensen/Workspaces/ros2_cpp_ws/src/calculate_robot_speed/build/calculate_robot_speed' returned '0': CMAKE_PREFIX_PATH=${CMAKE_PREFIX_PATH}:/opt/ros/humble /usr/bin/cmake --install /home/sensen/Workspaces/ros2_cpp_ws/src/calculate_robot_speed/build/calculate_robot_speed
