[0.070s] DEBUG:colcon:Command line arguments: ['/usr/bin/colcon', 'build']
[0.070s] DEBUG:colcon:Parsed command line arguments: Namespace(log_base=None, log_level=None, verb_name='build', build_base='build', install_base='install', merge_install=False, symlink_install=False, test_result_base=None, continue_on_error=False, executor='parallel', parallel_workers=16, event_handlers=None, ignore_user_meta=False, metas=['./colcon.meta'], base_paths=['.'], packages_ignore=None, packages_ignore_regex=None, paths=None, packages_up_to=None, packages_up_to_regex=None, packages_above=None, packages_above_and_dependencies=None, packages_above_depth=None, packages_select_by_dep=None, packages_skip_by_dep=None, packages_skip_up_to=None, packages_select_build_failed=False, packages_skip_build_finished=False, packages_select_test_failures=False, packages_skip_test_passed=False, packages_select=None, packages_skip=None, packages_select_regex=None, packages_skip_regex=None, packages_start=None, packages_end=None, allow_overriding=[], cmake_args=None, cmake_target=None, cmake_target_skip_unavailable=False, cmake_clean_cache=False, cmake_clean_first=False, cmake_force_configure=False, ament_cmake_args=None, catkin_cmake_args=None, catkin_skip_building_tests=False, mixin_files=None, mixin=None, verb_parser=<colcon_mixin.mixin.mixin_argument.MixinArgumentDecorator object at 0x778d26b6b520>, verb_extension=<colcon_core.verb.build.BuildVerb object at 0x778d26b1ccd0>, main=<bound method BuildVerb.main of <colcon_core.verb.build.BuildVerb object at 0x778d26b1ccd0>>, mixin_verb=('build',))
[0.186s] Level 1:colcon.colcon_core.package_discovery:discover_packages(colcon_meta) check parameters
[0.186s] Level 1:colcon.colcon_core.package_discovery:discover_packages(recursive) check parameters
[0.186s] Level 1:colcon.colcon_core.package_discovery:discover_packages(ignore) check parameters
[0.186s] Level 1:colcon.colcon_core.package_discovery:discover_packages(path) check parameters
[0.186s] Level 1:colcon.colcon_core.package_discovery:discover_packages(colcon_meta) discover
[0.186s] Level 1:colcon.colcon_core.package_discovery:discover_packages(recursive) discover
[0.186s] INFO:colcon.colcon_core.package_discovery:Crawling recursively for packages in '/home/sensen/Workspaces/ros2_cpp_ws/src/calculate_robot_speed'
[0.186s] Level 1:colcon.colcon_core.package_identification:_identify(.) by extensions ['ignore', 'ignore_ament_install']
[0.186s] Level 1:colcon.colcon_core.package_identification:_identify(.) by extension 'ignore'
[0.186s] Level 1:colcon.colcon_core.package_identification:_identify(.) by extension 'ignore_ament_install'
[0.187s] Level 1:colcon.colcon_core.package_identification:_identify(.) by extensions ['colcon_pkg']
[0.187s] Level 1:colcon.colcon_core.package_identification:_identify(.) by extension 'colcon_pkg'
[0.187s] Level 1:colcon.colcon_core.package_identification:_identify(.) by extensions ['colcon_meta']
[0.187s] Level 1:colcon.colcon_core.package_identification:_identify(.) by extension 'colcon_meta'
[0.187s] Level 1:colcon.colcon_core.package_identification:_identify(.) by extensions ['ros']
[0.187s] Level 1:colcon.colcon_core.package_identification:_identify(.) by extension 'ros'
[0.202s] DEBUG:colcon.colcon_core.package_identification:Package '.' with type 'ros.ament_cmake' and name 'calculate_robot_speed'
[0.202s] Level 1:colcon.colcon_core.package_discovery:discover_packages(recursive) using defaults
[0.202s] Level 1:colcon.colcon_core.package_discovery:discover_packages(ignore) discover
[0.202s] Level 1:colcon.colcon_core.package_discovery:discover_packages(ignore) using defaults
[0.202s] Level 1:colcon.colcon_core.package_discovery:discover_packages(path) discover
[0.202s] Level 1:colcon.colcon_core.package_discovery:discover_packages(path) using defaults
[0.215s] Level 1:colcon.colcon_core.package_discovery:discover_packages(prefix_path) check parameters
[0.215s] Level 1:colcon.colcon_core.package_discovery:discover_packages(prefix_path) discover
[0.216s] DEBUG:colcon.colcon_installed_package_information.package_discovery:Found 1 installed packages in /home/sensen/Workspaces/ros2_cpp_ws/install
[0.217s] DEBUG:colcon.colcon_installed_package_information.package_discovery:Found 271 installed packages in /opt/ros/humble
[0.218s] Level 1:colcon.colcon_core.package_discovery:discover_packages(prefix_path) using defaults
[0.240s] Level 5:colcon.colcon_core.verb:set package 'calculate_robot_speed' build argument 'cmake_args' from command line to 'None'
[0.241s] Level 5:colcon.colcon_core.verb:set package 'calculate_robot_speed' build argument 'cmake_target' from command line to 'None'
[0.241s] Level 5:colcon.colcon_core.verb:set package 'calculate_robot_speed' build argument 'cmake_target_skip_unavailable' from command line to 'False'
[0.241s] Level 5:colcon.colcon_core.verb:set package 'calculate_robot_speed' build argument 'cmake_clean_cache' from command line to 'False'
[0.241s] Level 5:colcon.colcon_core.verb:set package 'calculate_robot_speed' build argument 'cmake_clean_first' from command line to 'False'
[0.241s] Level 5:colcon.colcon_core.verb:set package 'calculate_robot_speed' build argument 'cmake_force_configure' from command line to 'False'
[0.241s] Level 5:colcon.colcon_core.verb:set package 'calculate_robot_speed' build argument 'ament_cmake_args' from command line to 'None'
[0.241s] Level 5:colcon.colcon_core.verb:set package 'calculate_robot_speed' build argument 'catkin_cmake_args' from command line to 'None'
[0.241s] Level 5:colcon.colcon_core.verb:set package 'calculate_robot_speed' build argument 'catkin_skip_building_tests' from command line to 'False'
[0.241s] DEBUG:colcon.colcon_core.verb:Building package 'calculate_robot_speed' with the following arguments: {'ament_cmake_args': None, 'build_base': '/home/sensen/Workspaces/ros2_cpp_ws/src/calculate_robot_speed/build/calculate_robot_speed', 'catkin_cmake_args': None, 'catkin_skip_building_tests': False, 'cmake_args': None, 'cmake_clean_cache': False, 'cmake_clean_first': False, 'cmake_force_configure': False, 'cmake_target': None, 'cmake_target_skip_unavailable': False, 'install_base': '/home/sensen/Workspaces/ros2_cpp_ws/src/calculate_robot_speed/install/calculate_robot_speed', 'merge_install': False, 'path': '/home/sensen/Workspaces/ros2_cpp_ws/src/calculate_robot_speed', 'symlink_install': False, 'test_result_base': None}
[0.241s] INFO:colcon.colcon_core.executor:Executing jobs using 'parallel' executor
[0.241s] DEBUG:colcon.colcon_parallel_executor.executor.parallel:run_until_complete
[0.242s] INFO:colcon.colcon_ros.task.ament_cmake.build:Building ROS package in '/home/sensen/Workspaces/ros2_cpp_ws/src/calculate_robot_speed' with build type 'ament_cmake'
[0.242s] INFO:colcon.colcon_cmake.task.cmake.build:Building CMake package in '/home/sensen/Workspaces/ros2_cpp_ws/src/calculate_robot_speed'
[0.243s] INFO:colcon.colcon_core.plugin_system:Skipping extension 'colcon_core.shell.bat': Not used on non-Windows systems
[0.243s] INFO:colcon.colcon_core.shell:Skip shell extension 'powershell' for command environment: Not usable outside of PowerShell
[0.243s] DEBUG:colcon.colcon_core.shell:Skip shell extension 'dsv' for command environment
[0.249s] DEBUG:colcon.colcon_core.event_handler.log_command:Invoking command in '/home/sensen/Workspaces/ros2_cpp_ws/src/calculate_robot_speed/build/calculate_robot_speed': CMAKE_PREFIX_PATH=${CMAKE_PREFIX_PATH}:/opt/ros/humble /usr/bin/cmake --build /home/sensen/Workspaces/ros2_cpp_ws/src/calculate_robot_speed/build/calculate_robot_speed -- -j16 -l16
[3.531s] DEBUG:colcon.colcon_core.event_handler.log_command:Invoked command in '/home/sensen/Workspaces/ros2_cpp_ws/src/calculate_robot_speed/build/calculate_robot_speed' returned '0': CMAKE_PREFIX_PATH=${CMAKE_PREFIX_PATH}:/opt/ros/humble /usr/bin/cmake --build /home/sensen/Workspaces/ros2_cpp_ws/src/calculate_robot_speed/build/calculate_robot_speed -- -j16 -l16
[3.535s] DEBUG:colcon.colcon_core.event_handler.log_command:Invoking command in '/home/sensen/Workspaces/ros2_cpp_ws/src/calculate_robot_speed/build/calculate_robot_speed': CMAKE_PREFIX_PATH=${CMAKE_PREFIX_PATH}:/opt/ros/humble /usr/bin/cmake --install /home/sensen/Workspaces/ros2_cpp_ws/src/calculate_robot_speed/build/calculate_robot_speed
[3.539s] Level 1:colcon.colcon_core.environment:create_environment_scripts_only(calculate_robot_speed)
[3.539s] DEBUG:colcon.colcon_core.event_handler.log_command:Invoked command in '/home/sensen/Workspaces/ros2_cpp_ws/src/calculate_robot_speed/build/calculate_robot_speed' returned '0': CMAKE_PREFIX_PATH=${CMAKE_PREFIX_PATH}:/opt/ros/humble /usr/bin/cmake --install /home/sensen/Workspaces/ros2_cpp_ws/src/calculate_robot_speed/build/calculate_robot_speed
[3.541s] Level 1:colcon.colcon_core.environment:checking '/home/sensen/Workspaces/ros2_cpp_ws/src/calculate_robot_speed/install/calculate_robot_speed' for CMake module files
[3.541s] Level 1:colcon.colcon_core.environment:checking '/home/sensen/Workspaces/ros2_cpp_ws/src/calculate_robot_speed/install/calculate_robot_speed' for CMake config files
[3.541s] Level 1:colcon.colcon_core.shell:create_environment_hook('calculate_robot_speed', 'cmake_prefix_path')
[3.541s] INFO:colcon.colcon_core.shell:Creating environment hook '/home/sensen/Workspaces/ros2_cpp_ws/src/calculate_robot_speed/install/calculate_robot_speed/share/calculate_robot_speed/hook/cmake_prefix_path.ps1'
[3.542s] INFO:colcon.colcon_core.shell:Creating environment descriptor '/home/sensen/Workspaces/ros2_cpp_ws/src/calculate_robot_speed/install/calculate_robot_speed/share/calculate_robot_speed/hook/cmake_prefix_path.dsv'
[3.542s] INFO:colcon.colcon_core.shell:Creating environment hook '/home/sensen/Workspaces/ros2_cpp_ws/src/calculate_robot_speed/install/calculate_robot_speed/share/calculate_robot_speed/hook/cmake_prefix_path.sh'
[3.543s] Level 1:colcon.colcon_core.environment:checking '/home/sensen/Workspaces/ros2_cpp_ws/src/calculate_robot_speed/install/calculate_robot_speed/lib'
[3.543s] Level 1:colcon.colcon_core.environment:checking '/home/sensen/Workspaces/ros2_cpp_ws/src/calculate_robot_speed/install/calculate_robot_speed/bin'
[3.543s] Level 1:colcon.colcon_core.environment:checking '/home/sensen/Workspaces/ros2_cpp_ws/src/calculate_robot_speed/install/calculate_robot_speed/lib/pkgconfig/calculate_robot_speed.pc'
[3.543s] Level 1:colcon.colcon_core.environment:checking '/home/sensen/Workspaces/ros2_cpp_ws/src/calculate_robot_speed/install/calculate_robot_speed/lib/python3.10/site-packages'
[3.543s] Level 1:colcon.colcon_core.environment:checking '/home/sensen/Workspaces/ros2_cpp_ws/src/calculate_robot_speed/install/calculate_robot_speed/bin'
[3.543s] INFO:colcon.colcon_core.shell:Creating package script '/home/sensen/Workspaces/ros2_cpp_ws/src/calculate_robot_speed/install/calculate_robot_speed/share/calculate_robot_speed/package.ps1'
[3.544s] INFO:colcon.colcon_core.shell:Creating package descriptor '/home/sensen/Workspaces/ros2_cpp_ws/src/calculate_robot_speed/install/calculate_robot_speed/share/calculate_robot_speed/package.dsv'
[3.544s] INFO:colcon.colcon_core.shell:Creating package script '/home/sensen/Workspaces/ros2_cpp_ws/src/calculate_robot_speed/install/calculate_robot_speed/share/calculate_robot_speed/package.sh'
[3.544s] INFO:colcon.colcon_core.shell:Creating package script '/home/sensen/Workspaces/ros2_cpp_ws/src/calculate_robot_speed/install/calculate_robot_speed/share/calculate_robot_speed/package.bash'
[3.545s] INFO:colcon.colcon_core.shell:Creating package script '/home/sensen/Workspaces/ros2_cpp_ws/src/calculate_robot_speed/install/calculate_robot_speed/share/calculate_robot_speed/package.zsh'
[3.545s] Level 1:colcon.colcon_core.environment:create_file_with_runtime_dependencies(/home/sensen/Workspaces/ros2_cpp_ws/src/calculate_robot_speed/install/calculate_robot_speed/share/colcon-core/packages/calculate_robot_speed)
[3.546s] Level 1:colcon.colcon_core.environment:create_environment_scripts_only(calculate_robot_speed)
[3.546s] Level 1:colcon.colcon_core.environment:checking '/home/sensen/Workspaces/ros2_cpp_ws/src/calculate_robot_speed/install/calculate_robot_speed' for CMake module files
[3.546s] Level 1:colcon.colcon_core.environment:checking '/home/sensen/Workspaces/ros2_cpp_ws/src/calculate_robot_speed/install/calculate_robot_speed' for CMake config files
[3.546s] Level 1:colcon.colcon_core.shell:create_environment_hook('calculate_robot_speed', 'cmake_prefix_path')
[3.546s] INFO:colcon.colcon_core.shell:Creating environment hook '/home/sensen/Workspaces/ros2_cpp_ws/src/calculate_robot_speed/install/calculate_robot_speed/share/calculate_robot_speed/hook/cmake_prefix_path.ps1'
[3.546s] INFO:colcon.colcon_core.shell:Creating environment descriptor '/home/sensen/Workspaces/ros2_cpp_ws/src/calculate_robot_speed/install/calculate_robot_speed/share/calculate_robot_speed/hook/cmake_prefix_path.dsv'
[3.547s] INFO:colcon.colcon_core.shell:Creating environment hook '/home/sensen/Workspaces/ros2_cpp_ws/src/calculate_robot_speed/install/calculate_robot_speed/share/calculate_robot_speed/hook/cmake_prefix_path.sh'
[3.547s] Level 1:colcon.colcon_core.environment:checking '/home/sensen/Workspaces/ros2_cpp_ws/src/calculate_robot_speed/install/calculate_robot_speed/lib'
[3.547s] Level 1:colcon.colcon_core.environment:checking '/home/sensen/Workspaces/ros2_cpp_ws/src/calculate_robot_speed/install/calculate_robot_speed/bin'
[3.547s] Level 1:colcon.colcon_core.environment:checking '/home/sensen/Workspaces/ros2_cpp_ws/src/calculate_robot_speed/install/calculate_robot_speed/lib/pkgconfig/calculate_robot_speed.pc'
[3.547s] Level 1:colcon.colcon_core.environment:checking '/home/sensen/Workspaces/ros2_cpp_ws/src/calculate_robot_speed/install/calculate_robot_speed/lib/python3.10/site-packages'
[3.547s] Level 1:colcon.colcon_core.environment:checking '/home/sensen/Workspaces/ros2_cpp_ws/src/calculate_robot_speed/install/calculate_robot_speed/bin'
[3.547s] INFO:colcon.colcon_core.shell:Creating package script '/home/sensen/Workspaces/ros2_cpp_ws/src/calculate_robot_speed/install/calculate_robot_speed/share/calculate_robot_speed/package.ps1'
[3.548s] INFO:colcon.colcon_core.shell:Creating package descriptor '/home/sensen/Workspaces/ros2_cpp_ws/src/calculate_robot_speed/install/calculate_robot_speed/share/calculate_robot_speed/package.dsv'
[3.548s] INFO:colcon.colcon_core.shell:Creating package script '/home/sensen/Workspaces/ros2_cpp_ws/src/calculate_robot_speed/install/calculate_robot_speed/share/calculate_robot_speed/package.sh'
[3.548s] INFO:colcon.colcon_core.shell:Creating package script '/home/sensen/Workspaces/ros2_cpp_ws/src/calculate_robot_speed/install/calculate_robot_speed/share/calculate_robot_speed/package.bash'
[3.549s] INFO:colcon.colcon_core.shell:Creating package script '/home/sensen/Workspaces/ros2_cpp_ws/src/calculate_robot_speed/install/calculate_robot_speed/share/calculate_robot_speed/package.zsh'
[3.549s] Level 1:colcon.colcon_core.environment:create_file_with_runtime_dependencies(/home/sensen/Workspaces/ros2_cpp_ws/src/calculate_robot_speed/install/calculate_robot_speed/share/colcon-core/packages/calculate_robot_speed)
[3.549s] DEBUG:colcon.colcon_parallel_executor.executor.parallel:closing loop
[3.549s] DEBUG:colcon.colcon_parallel_executor.executor.parallel:loop closed
[3.549s] DEBUG:colcon.colcon_parallel_executor.executor.parallel:run_until_complete finished with '0'
[3.549s] DEBUG:colcon.colcon_core.event_reactor:joining thread
[3.552s] INFO:colcon.colcon_core.plugin_system:Skipping extension 'colcon_notification.desktop_notification.terminal_notifier': Not used on non-Darwin systems
[3.552s] INFO:colcon.colcon_core.plugin_system:Skipping extension 'colcon_notification.desktop_notification.win32': Not used on non-Windows systems
[3.552s] INFO:colcon.colcon_notification.desktop_notification:Sending desktop notification using 'notify2'
[3.553s] DEBUG:colcon.colcon_notification.desktop_notification.notify2:Failed to initialize notify2: org.freedesktop.DBus.Error.ServiceUnknown: The name org.freedesktop.Notifications was not provided by any .service files
[3.553s] DEBUG:colcon.colcon_core.event_reactor:joined thread
[3.553s] INFO:colcon.colcon_core.shell:Creating prefix script '/home/sensen/Workspaces/ros2_cpp_ws/src/calculate_robot_speed/install/local_setup.ps1'
[3.554s] INFO:colcon.colcon_core.shell:Creating prefix util module '/home/sensen/Workspaces/ros2_cpp_ws/src/calculate_robot_speed/install/_local_setup_util_ps1.py'
[3.555s] INFO:colcon.colcon_core.shell:Creating prefix chain script '/home/sensen/Workspaces/ros2_cpp_ws/src/calculate_robot_speed/install/setup.ps1'
[3.555s] INFO:colcon.colcon_core.shell:Creating prefix script '/home/sensen/Workspaces/ros2_cpp_ws/src/calculate_robot_speed/install/local_setup.sh'
[3.556s] INFO:colcon.colcon_core.shell:Creating prefix util module '/home/sensen/Workspaces/ros2_cpp_ws/src/calculate_robot_speed/install/_local_setup_util_sh.py'
[3.556s] INFO:colcon.colcon_core.shell:Creating prefix chain script '/home/sensen/Workspaces/ros2_cpp_ws/src/calculate_robot_speed/install/setup.sh'
[3.557s] INFO:colcon.colcon_core.shell:Creating prefix script '/home/sensen/Workspaces/ros2_cpp_ws/src/calculate_robot_speed/install/local_setup.bash'
[3.557s] INFO:colcon.colcon_core.shell:Creating prefix chain script '/home/sensen/Workspaces/ros2_cpp_ws/src/calculate_robot_speed/install/setup.bash'
[3.557s] INFO:colcon.colcon_core.shell:Creating prefix script '/home/sensen/Workspaces/ros2_cpp_ws/src/calculate_robot_speed/install/local_setup.zsh'
[3.558s] INFO:colcon.colcon_core.shell:Creating prefix chain script '/home/sensen/Workspaces/ros2_cpp_ws/src/calculate_robot_speed/install/setup.zsh'
