[0mCMake Deprecation Warning at CMakeLists.txt:1 (cmake_minimum_required):
  Compatibility with CMake < 3.10 will be removed from a future version of
  CMake.

  Update the VERSION argument <min> value.  Or, use the <min>...<max> syntax
  to tell CMake that the project requires at least <min> but has been updated
  to work with policies introduced by <max> or earlier.

[0m
[01m[K/home/sensen/Workspaces/ros2_cpp_ws/src/calculate_robot_speed/src/speed_publisher.cpp:1:2:[m[K [01;31m[Kerror: [m[Kstray ‘[01m[K#[m[K’ in program
    1 | =[01;31m[K#[m[Kinclude "rclcpp/rclcpp.hpp" // ros client library
      |  [01;31m[K^[m[K
[01m[K/home/sensen/Workspaces/ros2_cpp_ws/src/calculate_robot_speed/src/speed_publisher.cpp:2:10:[m[K [01;31m[Kfatal error: [m[Kstd_msgs/msg/int32.hpp: No such file or directory
    2 | #include [01;31m[K"std_msgs/msg/int32.hpp"[m[K
      |          [01;31m[K^~~~~~~~~~~~~~~~~~~~~~~~[m[K
compilation terminated.
gmake[2]: *** [CMakeFiles/speed_publisher.dir/build.make:79: CMakeFiles/speed_publisher.dir/src/speed_publisher.cpp.o] Error 1
gmake[1]: *** [CMakeFiles/Makefile2:188: CMakeFiles/speed_publisher.dir/all] Error 2
gmake[1]: *** Waiting for unfinished jobs....
[01m[K/home/sensen/Workspaces/ros2_cpp_ws/src/calculate_robot_speed/src/rpm_publisher.cpp:1:10:[m[K [01;31m[Kfatal error: [m[Krclcpp/rclcpp.hpp: No such file or directory
    1 | #include [01;31m[K"rclcpp/rclcpp.hpp"[m[K // ros client library
      |          [01;31m[K^~~~~~~~~~~~~~~~~~~[m[K
compilation terminated.
gmake[2]: *** [CMakeFiles/rpm_publisher.dir/build.make:79: CMakeFiles/rpm_publisher.dir/src/rpm_publisher.cpp.o] Error 1
gmake[1]: *** [CMakeFiles/Makefile2:156: CMakeFiles/rpm_publisher.dir/all] Error 2
gmake: *** [Makefile:146: all] Error 2
