[0.007s] Invoking command in '/home/sensen/Workspaces/ros2_cpp_ws/src/calculate_robot_speed/build/calculate_robot_speed': CMAKE_PREFIX_PATH=${CMAKE_PREFIX_PATH}:/opt/ros/humble /usr/bin/cmake /home/sensen/Workspaces/ros2_cpp_ws/src/calculate_robot_speed -DAMENT_CMAKE_SYMLINK_INSTALL=1 -DCMAKE_INSTALL_PREFIX=/home/sensen/Workspaces/ros2_cpp_ws/src/calculate_robot_speed/install/calculate_robot_speed
[0.010s] [0mCMake Deprecation Warning at CMakeLists.txt:1 (cmake_minimum_required):
[0.010s]   Compatibility with CMake < 3.10 will be removed from a future version of
[0.010s]   CMake.
[0.010s] 
[0.010s]   Update the VERSION argument <min> value.  Or, use the <min>...<max> syntax
[0.011s]   to tell CMake that the project requires at least <min> but has been updated
[0.011s]   to work with policies introduced by <max> or earlier.
[0.011s] 
[0.011s] [0m
[0.014s] -- Found ament_cmake: 1.3.12 (/opt/ros/humble/share/ament_cmake/cmake)
[0.156s] -- Override CMake install command with custom implementation using symlinks instead of copying resources
[0.160s] -- Found rclcpp: 16.0.14 (/opt/ros/humble/share/rclcpp/cmake)
[0.178s] -- Found rosidl_generator_c: 3.1.7 (/opt/ros/humble/share/rosidl_generator_c/cmake)
[0.180s] -- Found rosidl_adapter: 3.1.7 (/opt/ros/humble/share/rosidl_adapter/cmake)
[0.184s] -- Found rosidl_generator_cpp: 3.1.7 (/opt/ros/humble/share/rosidl_generator_cpp/cmake)
[0.190s] -- Using all available rosidl_typesupport_c: rosidl_typesupport_fastrtps_c;rosidl_typesupport_introspection_c
[0.198s] -- Using all available rosidl_typesupport_cpp: rosidl_typesupport_fastrtps_cpp;rosidl_typesupport_introspection_cpp
[0.221s] -- Found rmw_implementation_cmake: 6.1.2 (/opt/ros/humble/share/rmw_implementation_cmake/cmake)
[0.221s] -- Found rmw_fastrtps_cpp: 6.2.8 (/opt/ros/humble/share/rmw_fastrtps_cpp/cmake)
[0.286s] -- Using RMW implementation 'rmw_fastrtps_cpp' as default
[0.325s] -- Found ament_lint_auto: 0.12.14 (/opt/ros/humble/share/ament_lint_auto/cmake)
[0.375s] -- Added test 'cppcheck' to perform static code analysis on C / C++ code
[0.375s] -- Configured cppcheck include dirs: 
[0.375s] -- Configured cppcheck exclude dirs and/or files: 
[0.375s] -- Added test 'flake8' to check Python code syntax and style conventions
[0.377s] -- Added test 'lint_cmake' to check CMake code style
[0.378s] -- Added test 'pep257' to check Python code against some of the docstring style conventions in PEP 257
[0.384s] -- Added test 'uncrustify' to check C / C++ code style
[0.384s] -- Configured uncrustify additional arguments: 
[0.384s] -- Added test 'xmllint' to check XML markup files
[0.385s] -- Configuring done (0.4s)
[0.391s] -- Generating done (0.0s)
[0.392s] -- Build files have been written to: /home/sensen/Workspaces/ros2_cpp_ws/src/calculate_robot_speed/build/calculate_robot_speed
[0.397s] Invoked command in '/home/sensen/Workspaces/ros2_cpp_ws/src/calculate_robot_speed/build/calculate_robot_speed' returned '0': CMAKE_PREFIX_PATH=${CMAKE_PREFIX_PATH}:/opt/ros/humble /usr/bin/cmake /home/sensen/Workspaces/ros2_cpp_ws/src/calculate_robot_speed -DAMENT_CMAKE_SYMLINK_INSTALL=1 -DCMAKE_INSTALL_PREFIX=/home/sensen/Workspaces/ros2_cpp_ws/src/calculate_robot_speed/install/calculate_robot_speed
[0.399s] Invoking command in '/home/sensen/Workspaces/ros2_cpp_ws/src/calculate_robot_speed/build/calculate_robot_speed': CMAKE_PREFIX_PATH=${CMAKE_PREFIX_PATH}:/opt/ros/humble /usr/bin/cmake --build /home/sensen/Workspaces/ros2_cpp_ws/src/calculate_robot_speed/build/calculate_robot_speed -- -j16 -l16
[0.420s] [ 50%] [1m[32mLinking CXX executable rpm_publisher[0m
[0.518s] [100%] [0mBuilt target rpm_publisher[0m
[0.522s] Invoked command in '/home/sensen/Workspaces/ros2_cpp_ws/src/calculate_robot_speed/build/calculate_robot_speed' returned '0': CMAKE_PREFIX_PATH=${CMAKE_PREFIX_PATH}:/opt/ros/humble /usr/bin/cmake --build /home/sensen/Workspaces/ros2_cpp_ws/src/calculate_robot_speed/build/calculate_robot_speed -- -j16 -l16
[0.526s] Invoking command in '/home/sensen/Workspaces/ros2_cpp_ws/src/calculate_robot_speed/build/calculate_robot_speed': CMAKE_PREFIX_PATH=${CMAKE_PREFIX_PATH}:/opt/ros/humble /usr/bin/cmake --install /home/sensen/Workspaces/ros2_cpp_ws/src/calculate_robot_speed/build/calculate_robot_speed
[0.527s] -- Install configuration: ""
[0.528s] -- Execute custom install script
[0.528s] -- Symlinking: /home/sensen/Workspaces/ros2_cpp_ws/src/calculate_robot_speed/install/calculate_robot_speed/lib/calculate_robot_speed/rpm_publisher
[0.531s] -- Symlinking: /home/sensen/Workspaces/ros2_cpp_ws/src/calculate_robot_speed/install/calculate_robot_speed/share/ament_index/resource_index/package_run_dependencies/calculate_robot_speed
[0.533s] -- Symlinking: /home/sensen/Workspaces/ros2_cpp_ws/src/calculate_robot_speed/install/calculate_robot_speed/share/ament_index/resource_index/parent_prefix_path/calculate_robot_speed
[0.536s] -- Symlinking: /home/sensen/Workspaces/ros2_cpp_ws/src/calculate_robot_speed/install/calculate_robot_speed/share/calculate_robot_speed/environment/ament_prefix_path.sh
[0.538s] -- Symlinking: /home/sensen/Workspaces/ros2_cpp_ws/src/calculate_robot_speed/install/calculate_robot_speed/share/calculate_robot_speed/environment/ament_prefix_path.dsv
[0.540s] -- Symlinking: /home/sensen/Workspaces/ros2_cpp_ws/src/calculate_robot_speed/install/calculate_robot_speed/share/calculate_robot_speed/environment/path.sh
[0.542s] -- Symlinking: /home/sensen/Workspaces/ros2_cpp_ws/src/calculate_robot_speed/install/calculate_robot_speed/share/calculate_robot_speed/environment/path.dsv
[0.545s] -- Symlinking: /home/sensen/Workspaces/ros2_cpp_ws/src/calculate_robot_speed/install/calculate_robot_speed/share/calculate_robot_speed/local_setup.bash
[0.547s] -- Symlinking: /home/sensen/Workspaces/ros2_cpp_ws/src/calculate_robot_speed/install/calculate_robot_speed/share/calculate_robot_speed/local_setup.sh
[0.549s] -- Symlinking: /home/sensen/Workspaces/ros2_cpp_ws/src/calculate_robot_speed/install/calculate_robot_speed/share/calculate_robot_speed/local_setup.zsh
[0.551s] -- Symlinking: /home/sensen/Workspaces/ros2_cpp_ws/src/calculate_robot_speed/install/calculate_robot_speed/share/calculate_robot_speed/local_setup.dsv
[0.553s] -- Symlinking: /home/sensen/Workspaces/ros2_cpp_ws/src/calculate_robot_speed/install/calculate_robot_speed/share/calculate_robot_speed/package.dsv
[0.555s] -- Symlinking: /home/sensen/Workspaces/ros2_cpp_ws/src/calculate_robot_speed/install/calculate_robot_speed/share/ament_index/resource_index/packages/calculate_robot_speed
[0.557s] -- Symlinking: /home/sensen/Workspaces/ros2_cpp_ws/src/calculate_robot_speed/install/calculate_robot_speed/share/calculate_robot_speed/cmake/calculate_robot_speedConfig.cmake
[0.559s] -- Symlinking: /home/sensen/Workspaces/ros2_cpp_ws/src/calculate_robot_speed/install/calculate_robot_speed/share/calculate_robot_speed/cmake/calculate_robot_speedConfig-version.cmake
[0.561s] -- Symlinking: /home/sensen/Workspaces/ros2_cpp_ws/src/calculate_robot_speed/install/calculate_robot_speed/share/calculate_robot_speed/package.xml
[0.565s] Invoked command in '/home/sensen/Workspaces/ros2_cpp_ws/src/calculate_robot_speed/build/calculate_robot_speed' returned '0': CMAKE_PREFIX_PATH=${CMAKE_PREFIX_PATH}:/opt/ros/humble /usr/bin/cmake --install /home/sensen/Workspaces/ros2_cpp_ws/src/calculate_robot_speed/build/calculate_robot_speed
